<?xml version="1.0" encoding="UTF-8"?>
<!-- Generated by org.testng.reporters.JUnitReportReporter -->
<testsuite skipped="0" hostname="Teddy" name="org.BMC.PostAPi" tests="1" failures="0" timestamp="09 Dec 2022 12:38:44 GMT" time="5.663" errors="0">
  <testcase name="Post" time="5.663" classname="org.BMC.PostAPi"/>
</testsuite> <!-- org.BMC.PostAPi -->
