<?xml version="1.0" encoding="UTF-8"?>
<!-- Generated by org.testng.reporters.JUnitReportReporter -->
<testsuite skipped="0" hostname="Teddy" name="org.BMC.UpdateAPi" tests="1" failures="0" timestamp="09 Dec 2022 13:01:12 GMT" time="6.361" errors="0">
  <testcase name="update" time="6.361" classname="org.BMC.UpdateAPi"/>
</testsuite> <!-- org.BMC.UpdateAPi -->
