<?xml version="1.0" encoding="UTF-8"?>
<!-- Generated by org.testng.reporters.JUnitReportReporter -->
<testsuite skipped="0" hostname="Teddy" name="org.BMC.GetAPi" tests="1" failures="0" timestamp="09 Dec 2022 11:43:27 GMT" time="5.737" errors="0">
  <testcase name="get" time="5.737" classname="org.BMC.GetAPi"/>
</testsuite> <!-- org.BMC.GetAPi -->
